maxTotalPoints: 23
messages: []
mode: all
parts:
- maxPoints: 1
  maxSeconds: 10
  messages: []
  name: 3.1.1a-0
  points: 1
  seconds: 0
- maxPoints: 1
  maxSeconds: 10
  messages: []
  name: 3.1.1a-1
  points: 1
  seconds: 0
- maxPoints: 2
  maxSeconds: 10
  messages: []
  name: 3.1.2a
  points: 2
  seconds: 0
- maxPoints: 2
  maxSeconds: 10
  messages: []
  name: 3.1.2b
  points: 2
  seconds: 0
- maxPoints: 0
  maxSeconds: 10
  messages: []
  name: 3.1.3a-0
  points: 0
  seconds: 0
- maxPoints: 6
  maxSeconds: 45
  messages: []
  name: 3.1.3a-1
  points: 6
  seconds: 39
- maxPoints: 2
  maxSeconds: 10
  messages: []
  name: 3.1.3b-0
  points: 2
  seconds: 0
- maxPoints: 9
  maxSeconds: 10
  messages: []
  name: 3.3a-0
  points: 9
  seconds: 0
totalPoints: 23
